<?xml version="1.0" encoding="UTF-8"?><testsuites time="1.241"><testsuite name="Locator" tests="3" failures="0" errors="0" time="1.241" timestamp="2014-03-27T05:38:12.896Z" package="test/casper/locator"><testcase name="Page exists" classname="test/casper/locator" time="0.163"></testcase><testcase name="App.locator is present" classname="test/casper/locator" time="0.538"></testcase><testcase name="Locator returns valid coordinates" classname="test/casper/locator" time="0.54"></testcase><system-out></system-out></testsuite></testsuites>